<?xml version="1.0" encoding="UTF-8"?>
<mule xmlns:openweather="http://www.mulesoft.org/schema/mule/openweather" xmlns:doc="http://www.mulesoft.org/schema/mule/documentation" xmlns="http://www.mulesoft.org/schema/mule/core" xmlns:spring="http://www.springframework.org/schema/beans" xmlns:xsi="http://www.w3.org/2001/XMLSchema-instance" xsi:schemaLocation="http://www.mulesoft.org/schema/mule/core http://www.mulesoft.org/schema/mule/core/current/mule.xsd http://www.springframework.org/schema/beans http://www.springframework.org/schema/beans/spring-beans-3.1.xsd
http://www.mulesoft.org/schema/mule/openweather http://www.mulesoft.org/schema/mule/openweather/current/mule-openweather.xsd">

    <openweather:config name="OpenWeather_Config" doc:name="OpenWeather Config" doc:id="7466023a-171f-4b49-8d47-0766b2d7aafb" configId="1" >
        <openweather:connection apiToken="45fd50c5e6dcbd52fdaa6167d851d481" />
    </openweather:config>

    <flow name="retrieveCityCurrentWeatherFlow">
        <openweather:retrieve-city-current-weather doc:name="Current city weather" doc:id="d1eb019d-d580-4ee0-b5fe-c87b55cea48e" config-ref="OpenWeather_Config" city="Krakow" countryCode="pl" gender="male"/>
    </flow>



</mule>
